
[1m[0;36m══ Compilation ══[0m
[1;33m[INFO][0m Sequential compiled
[1;33m[INFO][0m Parallel   compiled

[1m[0;36m══ Generating test graphs  →  suite_tests/ ══[0m
Generated: N=30, E=304, B=60, density=0.699  →  suite_tests/n030_d70_b060.txt
Generated: N=50, E=796, B=80, density=0.650  →  suite_tests/n050_d65_b080.txt
Generated: N=80, E=1896, B=100, density=0.600  →  suite_tests/n080_d60_b100.txt
Generated: N=100, E=2722, B=120, density=0.550  →  suite_tests/n100_d55_b120.txt
Generated: N=150, E=5587, B=150, density=0.500  →  suite_tests/n150_d50_b150.txt
Generated: N=200, E=9950, B=180, density=0.500  →  suite_tests/n200_d50_b180.txt
Generated: N=300, E=22425, B=200, density=0.500  →  suite_tests/n300_d50_b200.txt
Generated: N=400, E=35910, B=150, density=0.450  →  suite_tests/n400_d45_b150.txt
Generated: N=500, E=74850, B=90, density=0.600  →  suite_tests/n500_d60_b090.txt
Generated: N=500, E=74850, B=200, density=0.600  →  suite_tests/n500_d60_b200.txt
Generated: N=600, E=35940, B=150, density=0.200  →  suite_tests/n600_d20_b150.txt
Generated: N=800, E=47940, B=200, density=0.150  →  suite_tests/n800_d15_b200.txt
Generated: N=1000, E=49950, B=300, density=0.100  →  suite_tests/n1000_d10_b300.txt
Generated: N=1200, E=57552, B=400, density=0.080  →  suite_tests/n1200_d08_b400.txt
[1;33m[INFO][0m input_report.txt present — will be included in scaling
[1;33m[INFO][0m Done.

[1m[0;36m══ Correctness Checks  (sequential vs parallel, np=4) ══[0m

  Graph                           N   Seq(s)   Par(s)    SeqP    ParP  Result
  ─────────────────────────  ─────  ──────  ──────  ─────  ─────  ──────
  n030_d70_b060.txt              30    0.00s    2.82s     349     349  [0;32mPASS[0m
  n050_d65_b080.txt              50    0.00s    0.36s     194     194  [0;32mPASS[0m
  n080_d60_b100.txt              80    0.00s    0.37s     455     455  [0;32mPASS[0m
  n100_d55_b120.txt             100    0.01s    0.37s     470     470  [0;32mPASS[0m
  n150_d50_b150.txt             150    0.02s    0.37s     471     471  [0;32mPASS[0m
  n200_d50_b180.txt             200    0.11s    0.40s     607     607  [0;32mPASS[0m

  [1mTotal: [0;32m6 passed[0m, [0;31m0 failed[0m

[1m[0;36m══ Strong Scaling Sweeps  (parallel only, np: 1 2 4 8 16) ══[0m

  [1minput_report.txt[0m  (N=500  density=0.60  B=90)
  Procs   Time(s)     Speedup    Efficiency    Profit
  ──────  ────────  ───────  ──────────  ──────
  1       193.170     1.000      100.0     %   650
  2       101.500     1.903      95.2      %   650
  4       53.260      3.627      90.7      %   650
  8       29.900      6.461      80.8      %   650
  16      18.210      10.608     66.3      %   650
[1;33m[INFO][0m Saved → results_input_report.csv

  [1mn030_d70_b060.txt[0m  (N=30  density=0.70  B=60)
  Procs   Time(s)     Speedup    Efficiency    Profit
  ──────  ────────  ───────  ──────────  ──────
  1       0.320       1.000      100.0     %   349
  2       0.320       1.000      50.0      %   349
  4       0.360       0.889      22.2      %   349
  8       0.480       0.667      8.3       %   349
  16      0.650       0.492      3.1       %   349
[1;33m[INFO][0m Saved → results_n030_d70_b060.csv

  [1mn050_d65_b080.txt[0m  (N=50  density=0.65  B=80)
  Procs   Time(s)     Speedup    Efficiency    Profit
  ──────  ────────  ───────  ──────────  ──────
  1       0.320       1.000      100.0     %   194
  2       0.320       1.000      50.0      %   194
  4       0.360       0.889      22.2      %   194
  8       0.460       0.696      8.7       %   194
  16      0.950       0.337      2.1       %   194
[1;33m[INFO][0m Saved → results_n050_d65_b080.csv

  [1mn080_d60_b100.txt[0m  (N=80  density=0.60  B=100)
  Procs   Time(s)     Speedup    Efficiency    Profit
  ──────  ────────  ───────  ──────────  ──────
  1       0.340       1.000      100.0     %   455
  2       0.330       1.030      51.5      %   455
  4       0.370       0.919      23.0      %   455
  8       0.480       0.708      8.9       %   455
  16      0.680       0.500      3.1       %   455
[1;33m[INFO][0m Saved → results_n080_d60_b100.csv

  [1mn100_d55_b120.txt[0m  (N=100  density=0.55  B=120)
  Procs   Time(s)     Speedup    Efficiency    Profit
  ──────  ────────  ───────  ──────────  ──────
  1       0.330       1.000      100.0     %   470
  2       0.320       1.031      51.6      %   470
  4       0.370       0.892      22.3      %   470
  8       0.470       0.702      8.8       %   470
  16      0.650       0.508      3.2       %   470
[1;33m[INFO][0m Saved → results_n100_d55_b120.csv

  [1mn150_d50_b150.txt[0m  (N=150  density=0.50  B=150)
  Procs   Time(s)     Speedup    Efficiency    Profit
  ──────  ────────  ───────  ──────────  ──────
  1       0.340       1.000      100.0     %   471
  2       0.340       1.000      50.0      %   471
  4       0.370       0.919      23.0      %   471
  8       0.490       0.694      8.7       %   471
  16      0.630       0.540      3.4       %   471
[1;33m[INFO][0m Saved → results_n150_d50_b150.csv

  [1mn200_d50_b180.txt[0m  (N=200  density=0.50  B=180)
  Procs   Time(s)     Speedup    Efficiency    Profit
  ──────  ────────  ───────  ──────────  ──────
  1       0.430       1.000      100.0     %   607
  2       0.380       1.132      56.6      %   607
  4       0.400       1.075      26.9      %   607
  8       0.460       0.935      11.7      %   607
  16      0.680       0.632      4.0       %   607
[1;33m[INFO][0m Saved → results_n200_d50_b180.csv

  [1mn300_d50_b200.txt[0m  (N=300  density=0.50  B=200)
  Procs   Time(s)     Speedup    Efficiency    Profit
  ──────  ────────  ───────  ──────────  ──────
  1       1.160       1.000      100.0     %   680
  2       0.780       1.487      74.4      %   680
  4       0.600       1.933      48.3      %   680
  8       0.620       1.871      23.4      %   680
  16      0.710       1.634      10.2      %   680
[1;33m[INFO][0m Saved → results_n300_d50_b200.csv

  [1mn400_d45_b150.txt[0m  (N=400  density=0.45  B=150)
  Procs   Time(s)     Speedup    Efficiency    Profit
  ──────  ────────  ───────  ──────────  ──────
  1       1.030       1.000      100.0     %   608
  2       0.720       1.431      71.5      %   608
  4       0.590       1.746      43.6      %   608
  8       0.580       1.776      22.2      %   608
  16      0.670       1.537      9.6       %   608
[1;33m[INFO][0m Saved → results_n400_d45_b150.csv

  [1mn500_d60_b090.txt[0m  (N=500  density=0.60  B=90)
  Procs   Time(s)     Speedup    Efficiency    Profit
  ──────  ────────  ───────  ──────────  ──────
  1       1.520       1.000      100.0     %   758
  2       1.000       1.520      76.0      %   758
  4       0.740       2.054      51.4      %   758
  8       0.700       2.171      27.1      %   758
  16      0.810       1.877      11.7      %   758
[1;33m[INFO][0m Saved → results_n500_d60_b090.csv

  [1mn500_d60_b200.txt[0m  (N=500  density=0.60  B=200)
  Procs   Time(s)     Speedup    Efficiency    Profit
  ──────  ────────  ───────  ──────────  ──────

[1m[0;36m══ Compilation ══[0m
[1;33m[INFO][0m Sequential compiled
[1;33m[INFO][0m Parallel   compiled

[1m[0;36m══ Generating test graphs  →  suite_tests/ ══[0m
Generated: N=30, E=261, B=60, density=0.600  →  suite_tests/n030_d60_b060.txt
Generated: N=50, E=735, B=80, density=0.600  →  suite_tests/n050_d60_b080.txt
Generated: N=80, E=1738, B=100, density=0.550  →  suite_tests/n080_d55_b100.txt
Generated: N=100, E=2722, B=110, density=0.550  →  suite_tests/n100_d55_b110.txt
Generated: N=150, E=5587, B=120, density=0.500  →  suite_tests/n150_d50_b120.txt
Generated: N=200, E=9950, B=130, density=0.500  →  suite_tests/n200_d50_b130.txt
Generated: N=300, E=22425, B=120, density=0.500  →  suite_tests/n300_d50_b120.txt
Generated: N=400, E=39900, B=110, density=0.500  →  suite_tests/n400_d50_b110.txt
Generated: N=500, E=62375, B=100, density=0.500  →  suite_tests/n500_d50_b100.txt
Generated: N=500, E=74850, B=90, density=0.600  →  suite_tests/n500_d60_b090.txt
Generated: N=600, E=89850, B=95, density=0.500  →  suite_tests/n600_d50_b095.txt
Generated: N=800, E=143820, B=92, density=0.450  →  suite_tests/n800_d45_b092.txt
Generated: N=1000, E=224775, B=90, density=0.450  →  suite_tests/n1000_d45_b090.txt
Generated: N=1200, E=287760, B=90, density=0.400  →  suite_tests/n1200_d40_b090.txt
[1;33m[INFO][0m input_report.txt present — will be included in scaling
[1;33m[INFO][0m Done.

[1m[0;36m══ Correctness Checks  (sequential vs parallel, np=4) ══[0m

  Graph                           N   Seq(s)   Par(s)    SeqP    ParP  Result
  ─────────────────────────  ─────  ──────  ──────  ─────  ─────  ──────
  n030_d60_b060.txt              30    0.00s    0.37s     340     340  [0;32mPASS[0m
  n050_d60_b080.txt              50    0.00s    0.37s     194     194  [0;32mPASS[0m
  n080_d55_b100.txt              80    0.00s    0.36s     406     406  [0;32mPASS[0m
  n100_d55_b110.txt             100    0.01s    0.37s     435     435  [0;32mPASS[0m
  n150_d50_b120.txt             150    0.01s    0.37s     445     445  [0;32mPASS[0m
  n200_d50_b130.txt             200    0.07s    0.39s     535     535  [0;32mPASS[0m

  [1mTotal: [0;32m6 passed[0m, [0;31m0 failed[0m

[1m[0;36m══ Strong Scaling Sweeps  (parallel only, np: 1 2 4 8 16) ══[0m

  [1minput_report.txt[0m  (N=500  density=0.60  B=90)
  Procs   Time(s)     Speedup    Efficiency    Profit
  ──────  ────────  ───────  ──────────  ──────
  1       192.570     1.000      100.0     %   650
  2       101.260     1.902      95.1      %   650
  4       53.160      3.622      90.6      %   650
  8       30.260      6.364      79.5      %   650
  16      19.000      10.135     63.3      %   650
[1;33m[INFO][0m Saved → results_input_report.csv

  [1mn030_d60_b060.txt[0m  (N=30  density=0.60  B=60)
  Procs   Time(s)     Speedup    Efficiency    Profit
  ──────  ────────  ───────  ──────────  ──────
  1       0.320       1.000      100.0     %   340
  2       0.320       1.000      50.0      %   340
  4       0.360       0.889      22.2      %   340
  8       0.440       0.727      9.1       %   340
  16      0.640       0.500      3.1       %   340
[1;33m[INFO][0m Saved → results_n030_d60_b060.csv

  [1mn050_d60_b080.txt[0m  (N=50  density=0.60  B=80)
  Procs   Time(s)     Speedup    Efficiency    Profit
  ──────  ────────  ───────  ──────────  ──────
  1       0.320       1.000      100.0     %   194
  2       0.330       0.970      48.5      %   194
  4       0.370       0.865      21.6      %   194
  8       0.500       0.640      8.0       %   194
  16      0.660       0.485      3.0       %   194
[1;33m[INFO][0m Saved → results_n050_d60_b080.csv

  [1mn080_d55_b100.txt[0m  (N=80  density=0.55  B=100)
  Procs   Time(s)     Speedup    Efficiency    Profit
  ──────  ────────  ───────  ──────────  ──────
  1       0.330       1.000      100.0     %   406
  2       0.340       0.971      48.5      %   406
  4       0.360       0.917      22.9      %   406
  8       0.470       0.702      8.8       %   406
  16      0.670       0.493      3.1       %   406
[1;33m[INFO][0m Saved → results_n080_d55_b100.csv

  [1mn100_d55_b110.txt[0m  (N=100  density=0.55  B=110)
  Procs   Time(s)     Speedup    Efficiency    Profit
  ──────  ────────  ───────  ──────────  ──────
  1       0.330       1.000      100.0     %   435
  2       0.330       1.000      50.0      %   435
  4       0.370       0.892      22.3      %   435
  8       0.670       0.493      6.2       %   435
  16      0.650       0.508      3.2       %   435
[1;33m[INFO][0m Saved → results_n100_d55_b110.csv

  [1mn150_d50_b120.txt[0m  (N=150  density=0.50  B=120)
  Procs   Time(s)     Speedup    Efficiency    Profit
  ──────  ────────  ───────  ──────────  ──────
  1       0.330       1.000      100.0     %   445
  2       0.340       0.971      48.5      %   445
  4       0.370       0.892      22.3      %   445
  8       0.490       0.673      8.4       %   445
  16      0.640       0.516      3.2       %   445
[1;33m[INFO][0m Saved → results_n150_d50_b120.csv

  [1mn200_d50_b130.txt[0m  (N=200  density=0.50  B=130)
  Procs   Time(s)     Speedup    Efficiency    Profit
  ──────  ────────  ───────  ──────────  ──────
  1       0.390       1.000      100.0     %   535
  2       0.370       1.054      52.7      %   535
  4       0.390       1.000      25.0      %   535
  8       0.460       0.848      10.6      %   535
  16      0.700       0.557      3.5       %   535
[1;33m[INFO][0m Saved → results_n200_d50_b130.csv

  [1mn300_d50_b120.txt[0m  (N=300  density=0.50  B=120)
  Procs   Time(s)     Speedup    Efficiency    Profit
  ──────  ────────  ───────  ──────────  ──────
  1       0.650       1.000      100.0     %   585
  2       0.500       1.300      65.0      %   585
  4       0.470       1.383      34.6      %   585
  8       0.500       1.300      16.2      %   585
  16      0.650       1.000      6.2       %   585
[1;33m[INFO][0m Saved → results_n300_d50_b120.csv

  [1mn400_d50_b110.txt[0m  (N=400  density=0.50  B=110)
  Procs   Time(s)     Speedup    Efficiency    Profit
  ──────  ────────  ───────  ──────────  ──────
  1       0.860       1.000      100.0     %   628
  2       0.640       1.344      67.2      %   628
  4       0.550       1.564      39.1      %   628
  8       0.590       1.458      18.2      %   628
  16      0.710       1.211      7.6       %   628
[1;33m[INFO][0m Saved → results_n400_d50_b110.csv

  [1mn500_d50_b100.txt[0m  (N=500  density=0.50  B=100)
  Procs   Time(s)     Speedup    Efficiency    Profit
  ──────  ────────  ───────  ──────────  ──────
  1       1.000       1.000      100.0     %   702
  2       0.710       1.408      70.4      %   702
  4       0.540       1.852      46.3      %   702
  8       0.590       1.695      21.2      %   702
  16      0.700       1.429      8.9       %   702
[1;33m[INFO][0m Saved → results_n500_d50_b100.csv

  [1mn500_d60_b090.txt[0m  (N=500  density=0.60  B=90)
  Procs   Time(s)     Speedup    Efficiency    Profit
  ──────  ────────  ───────  ──────────  ──────
  1       3.100       1.000      100.0     %   759
  2       1.810       1.713      85.6      %   759
  4       1.450       2.138      53.4      %   759
  8       1.060       2.925      36.6      %   759
  16      0.960       3.229      20.2      %   759
[1;33m[INFO][0m Saved → results_n500_d60_b090.csv

  [1mn600_d50_b095.txt[0m  (N=600  density=0.50  B=95)
  Procs   Time(s)     Speedup    Efficiency    Profit
  ──────  ────────  ───────  ──────────  ──────
  1       2.070       1.000      100.0     %   687
  2       1.360       1.522      76.1      %   687
  4       0.920       2.250      56.2      %   687
  8       0.740       2.797      35.0      %   687
  16      0.900       2.300      14.4      %   687
[1;33m[INFO][0m Saved → results_n600_d50_b095.csv

  [1mn800_d45_b092.txt[0m  (N=800  density=0.45  B=92)
  Procs   Time(s)     Speedup    Efficiency    Profit
  ──────  ────────  ───────  ──────────  ──────
  1       3.100       1.000      100.0     %   661
  2       1.840       1.685      84.2      %   661
  4       1.110       2.793      69.8      %   661
  8       0.910       3.407      42.6      %   661
  16      0.970       3.196      20.0      %   661
[1;33m[INFO][0m Saved → results_n800_d45_b092.csv

  [1mn1000_d45_b090.txt[0m  (N=1000  density=0.45  B=90)
  Procs   Time(s)     Speedup    Efficiency    Profit
  ──────  ────────  ───────  ──────────  ──────
  1       6.640       1.000      100.0     %   697
  2       3.620       1.834      91.7      %   697
  4       2.330       2.850      71.2      %   697
  8       1.530       4.340      54.2      %   697
  16      1.310       5.069      31.7      %   697
[1;33m[INFO][0m Saved → results_n1000_d45_b090.csv

  [1mn1200_d40_b090.txt[0m  (N=1200  density=0.40  B=90)
  Procs   Time(s)     Speedup    Efficiency    Profit
  ──────  ────────  ───────  ──────────  ──────
  1       7.650       1.000      100.0     %   678
  2       4.170       1.835      91.7      %   678
  4       2.390       3.201      80.0      %   678
  8       1.590       4.811      60.1      %   678
  16      1.280       5.977      37.4      %   678
[1;33m[INFO][0m Saved → results_n1200_d40_b090.csv

[1m[0;36m══ Summary — np=1 vs np=16 across all graphs ══[0m

  Graph                           N  T_np1(s)  T_np16(s)  Speedup  Efficiency  Profit
  ─────────────────────────  ─────  ────────  ─────────  ───────  ──────────  ──────
  input_report                        192.570     19.000    10.14x       63.3%  650
  n030_d60_b060                         0.320      0.640     0.50x        3.1%  340
  n030_d70_b060                         0.320      0.650     0.49x        3.1%  349
  n050_d60_b080                         0.320      0.660     0.48x        3.0%  194
  n050_d65_b080                         0.320      0.950     0.34x        2.1%  194
  n080_d55_b100                         0.330      0.670     0.49x        3.1%  406
  n080_d60_b100                         0.340      0.680     0.50x        3.1%  455
  n1000_d45_b090                        6.640      1.310     5.07x       31.7%  697
  n100_d55_b110                         0.330      0.650     0.51x        3.2%  435
  n100_d55_b120                         0.330      0.650     0.51x        3.2%  470
  n1200_d40_b090                        7.650      1.280     5.98x       37.4%  678
  n150_d50_b120                         0.330      0.640     0.52x        3.2%  445
  n150_d50_b150                         0.340      0.630     0.54x        3.4%  471
  n200_d50_b130                         0.390      0.700     0.56x        3.5%  535
  n200_d50_b180                         0.430      0.680     0.63x        4.0%  607
  n300_d50_b120                         0.650      0.650     1.00x        6.2%  585
  n300_d50_b200                         1.160      0.710     1.63x       10.2%  680
  n400_d45_b150                         1.030      0.670     1.54x        9.6%  608
  n400_d50_b110                         0.860      0.710     1.21x        7.6%  628
  n500_d50_b100                         1.000      0.700     1.43x        8.9%  702
  n500_d60_b090                         3.100      0.960     3.23x       20.2%  759
  n600_d50_b095                         2.070      0.900     2.30x       14.4%  687
  n800_d45_b092                         3.100      0.970     3.20x       20.0%  661

[1m[0;36m══ All done ══[0m

[1m[0;36m══ Compilation ══[0m
[1;33m[INFO][0m Sequential  compiled
[1;33m[INFO][0m Par(sort)   compiled
[1;33m[INFO][0m Par(bitset) compiled

[1m[0;36m══ Generating test graphs  →  suite_tests/ ══[0m
Generated: N=30, E=261, B=60, density=0.600  →  suite_tests/n030_d60_b060.txt
Generated: N=50, E=735, B=80, density=0.600  →  suite_tests/n050_d60_b080.txt
Generated: N=80, E=1738, B=100, density=0.550  →  suite_tests/n080_d55_b100.txt
Generated: N=100, E=2722, B=110, density=0.550  →  suite_tests/n100_d55_b110.txt
Generated: N=150, E=5587, B=120, density=0.500  →  suite_tests/n150_d50_b120.txt
Generated: N=200, E=9950, B=130, density=0.500  →  suite_tests/n200_d50_b130.txt
Generated: N=300, E=22425, B=120, density=0.500  →  suite_tests/n300_d50_b120.txt
Generated: N=400, E=39900, B=110, density=0.500  →  suite_tests/n400_d50_b110.txt
Generated: N=500, E=62375, B=100, density=0.500  →  suite_tests/n500_d50_b100.txt
Generated: N=500, E=74850, B=90, density=0.600  →  suite_tests/n500_d60_b090.txt
Generated: N=600, E=89850, B=95, density=0.500  →  suite_tests/n600_d50_b095.txt
Generated: N=800, E=143820, B=92, density=0.450  →  suite_tests/n800_d45_b092.txt
Generated: N=1000, E=224775, B=90, density=0.450  →  suite_tests/n1000_d45_b090.txt
Generated: N=1200, E=287760, B=90, density=0.400  →  suite_tests/n1200_d40_b090.txt
Generated: N=30, E=391, B=60, density=0.899  →  suite_tests/n030_d90_b060.txt
Generated: N=50, E=1041, B=70, density=0.850  →  suite_tests/n050_d85_b070.txt
Generated: N=80, E=2528, B=80, density=0.800  →  suite_tests/n080_d80_b080.txt
Generated: N=100, E=3960, B=90, density=0.800  →  suite_tests/n100_d80_b090.txt
Generated: N=150, E=8381, B=100, density=0.750  →  suite_tests/n150_d75_b100.txt
Generated: N=200, E=13930, B=110, density=0.700  →  suite_tests/n200_d70_b110.txt
Generated: N=300, E=35880, B=100, density=0.800  →  suite_tests/n300_d80_b100.txt
Generated: N=500, E=99800, B=90, density=0.800  →  suite_tests/n500_d80_b090.txt
Generated: N=800, E=287640, B=90, density=0.900  →  suite_tests/n800_d90_b090.txt
Generated: N=1200, E=647460, B=90, density=0.900  →  suite_tests/n1200_d90_b090.txt
[1;33m[INFO][0m input_report.txt present — will be included in scaling
[1;33m[INFO][0m Done.

[1m[0;36m══ Correctness Checks  (seq vs par-sort vs par-bitset, np=4) ══[0m

  Graph                           N   Seq(s)  Sort(s)  Bset(s)    SeqP    SrtP    BstP  Result
  ─────────────────────────  ─────  ──────  ──────  ──────  ─────  ─────  ─────  ──────
  n030_d60_b060.txt              30    0.00s    5.96s    0.22s     340     340     340  [0;32mPASS[0m
  n050_d60_b080.txt              50    0.00s    0.20s    0.20s     194     194     194  [0;32mPASS[0m
  n080_d55_b100.txt              80    0.00s    0.20s    0.20s     406     406     406  [0;32mPASS[0m
  n100_d55_b110.txt             100    0.00s    0.20s    0.20s     435     435     435  [0;32mPASS[0m
  n150_d50_b120.txt             150    0.01s    0.20s    0.20s     445     445     445  [0;32mPASS[0m
  n200_d50_b130.txt             200    0.05s    0.22s    0.21s     535     535     535  [0;32mPASS[0m
  n030_d90_b060.txt              30    0.00s    0.20s    0.20s     342     342     342  [0;32mPASS[0m
  n050_d85_b070.txt              50    0.00s    0.20s    0.20s     291     291     291  [0;32mPASS[0m
  n080_d80_b080.txt              80    0.01s    0.20s    0.21s     572     572     572  [0;32mPASS[0m
  n100_d80_b090.txt             100    0.04s    0.21s    0.21s     577     577     577  [0;32mPASS[0m
  n150_d75_b100.txt             150    0.08s    0.22s    0.21s     730     730     730  [0;32mPASS[0m
  n200_d70_b110.txt             200    0.11s    0.25s    0.22s     734     734     734  [0;32mPASS[0m

  [1mTotal: [0;32m12 passed[0m, [0;31m0 failed[0m

[1m[0;36m══ Strong Scaling Sweeps  (par-sort vs par-bitset, np: 1 2 4 8 16) ══[0m

  [1minput_report.txt[0m  (N=500  density=0.60  B=90)  [[0;36mpar_bin[0m]
  Procs   Time(s)     Speedup    Efficiency    Profit
  ──────  ────────  ───────  ──────────  ──────
  1       149.500     1.000      100.0     %   650
  2       80.500      1.857      92.9      %   650
  4       41.610      3.593      89.8      %   650
  8       24.050      6.216      77.7      %   650
  16      15.560      9.608      60.0      %   650
[1;33m[INFO][0m Saved → results_input_report.csv

  [1minput_report.txt[0m  (N=500  density=0.60  B=90)  [[0;36mpar_bin_bitset[0m]
  Procs   Time(s)     Speedup    Efficiency    Profit
  ──────  ────────  ───────  ──────────  ──────
  1       117.590     1.000      100.0     %   650
  2       63.750      1.845      92.2      %   650
  4       33.000      3.563      89.1      %   650
  8       19.470      6.040      75.5      %   650
  16      12.980      9.059      56.6      %   650
[1;33m[INFO][0m Saved → results_input_report_bitset.csv

  [1m── Medium-density (d=0.40–0.60) ──[0m

  [1mn300_d50_b120.txt[0m  (N=300  density=0.50  B=120)  [[0;36mpar_bin[0m]
  Procs   Time(s)     Speedup    Efficiency    Profit
  ──────  ────────  ───────  ──────────  ──────
  1       0.470       1.000      100.0     %   585
  2       0.340       1.382      69.1      %   585
  4       0.280       1.679      42.0      %   585
  8       0.260       1.808      22.6      %   585
  16      0.290       1.621      10.1      %   585
[1;33m[INFO][0m Saved → results_n300_d50_b120.csv

  [1mn300_d50_b120.txt[0m  (N=300  density=0.50  B=120)  [[0;36mpar_bin_bitset[0m]
  Procs   Time(s)     Speedup    Efficiency    Profit
  ──────  ────────  ───────  ──────────  ──────
  1       0.350       1.000      100.0     %   585
  2       0.290       1.207      60.3      %   585
  4       0.250       1.400      35.0      %   585
  8       0.250       1.400      17.5      %   585
  16      0.280       1.250      7.8       %   585
[1;33m[INFO][0m Saved → results_n300_d50_b120_bitset.csv

  [1mn400_d50_b110.txt[0m  (N=400  density=0.50  B=110)  [[0;36mpar_bin[0m]
  Procs   Time(s)     Speedup    Efficiency    Profit
  ──────  ────────  ───────  ──────────  ──────
  1       0.630       1.000      100.0     %   628
  2       0.430       1.465      73.3      %   628
  4       0.350       1.800      45.0      %   628
  8       0.320       1.969      24.6      %   628
  16      0.320       1.969      12.3      %   628
[1;33m[INFO][0m Saved → results_n400_d50_b110.csv

  [1mn400_d50_b110.txt[0m  (N=400  density=0.50  B=110)  [[0;36mpar_bin_bitset[0m]
  Procs   Time(s)     Speedup    Efficiency    Profit
  ──────  ────────  ───────  ──────────  ──────
  1       0.420       1.000      100.0     %   628
  2       0.320       1.312      65.6      %   628
  4       0.290       1.448      36.2      %   628
  8       0.270       1.556      19.4      %   628
  16      0.290       1.448      9.1       %   628
[1;33m[INFO][0m Saved → results_n400_d50_b110_bitset.csv

  [1mn500_d50_b100.txt[0m  (N=500  density=0.50  B=100)  [[0;36mpar_bin[0m]
  Procs   Time(s)     Speedup    Efficiency    Profit
  ──────  ────────  ───────  ──────────  ──────
  1       0.690       1.000      100.0     %   702
  2       0.500       1.380      69.0      %   702
  4       0.350       1.971      49.3      %   702
  8       0.310       2.226      27.8      %   702
  16      0.360       1.917      12.0      %   702
[1;33m[INFO][0m Saved → results_n500_d50_b100.csv

  [1mn500_d50_b100.txt[0m  (N=500  density=0.50  B=100)  [[0;36mpar_bin_bitset[0m]
  Procs   Time(s)     Speedup    Efficiency    Profit
  ──────  ────────  ───────  ──────────  ──────
  1       0.420       1.000      100.0     %   702
  2       0.330       1.273      63.6      %   702
  4       0.270       1.556      38.9      %   702
  8       0.250       1.680      21.0      %   702
  16      0.310       1.355      8.5       %   702
[1;33m[INFO][0m Saved → results_n500_d50_b100_bitset.csv

  [1mn500_d60_b090.txt[0m  (N=500  density=0.60  B=90)  [[0;36mpar_bin[0m]
  Procs   Time(s)     Speedup    Efficiency    Profit
  ──────  ────────  ───────  ──────────  ──────
  1       2.330       1.000      100.0     %   759
  2       1.390       1.676      83.8      %   759
  4       1.060       2.198      55.0      %   759
  8       0.720       3.236      40.5      %   759
  16      0.590       3.949      24.7      %   759
[1;33m[INFO][0m Saved → results_n500_d60_b090.csv

  [1mn500_d60_b090.txt[0m  (N=500  density=0.60  B=90)  [[0;36mpar_bin_bitset[0m]
  Procs   Time(s)     Speedup    Efficiency    Profit
  ──────  ────────  ───────  ──────────  ──────
  1       1.230       1.000      100.0     %   759
  2       0.810       1.519      75.9      %   759
  4       0.640       1.922      48.0      %   759
  8       0.480       2.562      32.0      %   759
  16      0.440       2.795      17.5      %   759
[1;33m[INFO][0m Saved → results_n500_d60_b090_bitset.csv

  [1mn600_d50_b095.txt[0m  (N=600  density=0.50  B=95)  [[0;36mpar_bin[0m]
  Procs   Time(s)     Speedup    Efficiency    Profit
  ──────  ────────  ───────  ──────────  ──────
  1       1.540       1.000      100.0     %   687
  2       1.040       1.481      74.0      %   687
  4       0.660       2.333      58.3      %   687
  8       0.490       3.143      39.3      %   687
  16      0.460       3.348      20.9      %   687
[1;33m[INFO][0m Saved → results_n600_d50_b095.csv

  [1mn600_d50_b095.txt[0m  (N=600  density=0.50  B=95)  [[0;36mpar_bin_bitset[0m]
  Procs   Time(s)     Speedup    Efficiency    Profit
  ──────  ────────  ───────  ──────────  ──────
  1       0.900       1.000      100.0     %   687
  2       0.630       1.429      71.4      %   687
  4       0.430       2.093      52.3      %   687
  8       0.350       2.571      32.1      %   687
  16      0.380       2.368      14.8      %   687
[1;33m[INFO][0m Saved → results_n600_d50_b095_bitset.csv

  [1mn800_d45_b092.txt[0m  (N=800  density=0.45  B=92)  [[0;36mpar_bin[0m]
  Procs   Time(s)     Speedup    Efficiency    Profit
  ──────  ────────  ───────  ──────────  ──────
  1       2.230       1.000      100.0     %   661
  2       1.400       1.593      79.6      %   661
  4       0.780       2.859      71.5      %   661
  8       0.610       3.656      45.7      %   661
  16      0.560       3.982      24.9      %   661
[1;33m[INFO][0m Saved → results_n800_d45_b092.csv

  [1mn800_d45_b092.txt[0m  (N=800  density=0.45  B=92)  [[0;36mpar_bin_bitset[0m]
  Procs   Time(s)     Speedup    Efficiency    Profit
  ──────  ────────  ───────  ──────────  ──────
  1       1.450       1.000      100.0     %   661
  2       0.930       1.559      78.0      %   661
  4       0.590       2.458      61.4      %   661
  8       0.490       2.959      37.0      %   661
  16      0.560       2.589      16.2      %   661
[1;33m[INFO][0m Saved → results_n800_d45_b092_bitset.csv

  [1mn1000_d45_b090.txt[0m  (N=1000  density=0.45  B=90)  [[0;36mpar_bin[0m]
  Procs   Time(s)     Speedup    Efficiency    Profit
  ──────  ────────  ───────  ──────────  ──────
  1       5.710       1.000      100.0     %   697
  2       2.900       1.969      98.4      %   697
  4       1.790       3.190      79.7      %   697
  8       1.100       5.191      64.9      %   697
  16      0.900       6.344      39.7      %   697
[1;33m[INFO][0m Saved → results_n1000_d45_b090.csv

  [1mn1000_d45_b090.txt[0m  (N=1000  density=0.45  B=90)  [[0;36mpar_bin_bitset[0m]
  Procs   Time(s)     Speedup    Efficiency    Profit
  ──────  ────────  ───────  ──────────  ──────
  1       3.690       1.000      100.0     %   697
  2       2.110       1.749      87.4      %   697
  4       1.310       2.817      70.4      %   697
  8       0.840       4.393      54.9      %   697
  16      0.710       5.197      32.5      %   697
[1;33m[INFO][0m Saved → results_n1000_d45_b090_bitset.csv

  [1mn1200_d40_b090.txt[0m  (N=1200  density=0.40  B=90)  [[0;36mpar_bin[0m]
  Procs   Time(s)     Speedup    Efficiency    Profit
  ──────  ────────  ───────  ──────────  ──────
  1       5.800       1.000      100.0     %   678
  2       3.220       1.801      90.1      %   678
  4       1.890       3.069      76.7      %   678
  8       1.200       4.833      60.4      %   678
  16      0.830       6.988      43.7      %   678
[1;33m[INFO][0m Saved → results_n1200_d40_b090.csv

  [1mn1200_d40_b090.txt[0m  (N=1200  density=0.40  B=90)  [[0;36mpar_bin_bitset[0m]
  Procs   Time(s)     Speedup    Efficiency    Profit
  ──────  ────────  ───────  ──────────  ──────
  1       5.220       1.000      100.0     %   678
  2       2.880       1.812      90.6      %   678
  4       1.650       3.164      79.1      %   678
  8       1.100       4.745      59.3      %   678
  16      0.780       6.692      41.8      %   678
[1;33m[INFO][0m Saved → results_n1200_d40_b090_bitset.csv

  [1m── High-density (d=0.70–0.90) ──[0m

  [1mn300_d80_b100.txt[0m  (N=300  density=0.80  B=100)  [[0;36mpar_bin[0m]
  Procs   Time(s)     Speedup    Efficiency    Profit
  ──────  ────────  ───────  ──────────  ──────
  1       2.360       1.000      100.0     %   891
  2       1.840       1.283      64.1      %   891
  4       1.760       1.341      33.5      %   891
  8       1.480       1.595      19.9      %   891
  16      1.210       1.950      12.2      %   891
[1;33m[INFO][0m Saved → results_n300_d80_b100.csv

  [1mn300_d80_b100.txt[0m  (N=300  density=0.80  B=100)  [[0;36mpar_bin_bitset[0m]
  Procs   Time(s)     Speedup    Efficiency    Profit
  ──────  ────────  ───────  ──────────  ──────
  1       0.960       1.000      100.0     %   891
  2       0.830       1.157      57.8      %   891
  4       0.790       1.215      30.4      %   891
  8       0.700       1.371      17.1      %   891
  16      0.640       1.500      9.4       %   891
[1;33m[INFO][0m Saved → results_n300_d80_b100_bitset.csv

  [1mn500_d80_b090.txt[0m  (N=500  density=0.80  B=90)  [[0;36mpar_bin[0m]
  Procs   Time(s)     Speedup    Efficiency    Profit
  ──────  ────────  ───────  ──────────  ──────
  1       9.810       1.000      100.0     %   967
  2       6.390       1.535      76.8      %   967
  4       4.780       2.052      51.3      %   967
  8       4.260       2.303      28.8      %   967
  16      3.540       2.771      17.3      %   967
[1;33m[INFO][0m Saved → results_n500_d80_b090.csv

  [1mn500_d80_b090.txt[0m  (N=500  density=0.80  B=90)  [[0;36mpar_bin_bitset[0m]
  Procs   Time(s)     Speedup    Efficiency    Profit
  ──────  ────────  ───────  ──────────  ──────
  1       3.230       1.000      100.0     %   967
  2       2.250       1.436      71.8      %   967
  4       1.700       1.900      47.5      %   967
  8       1.550       2.084      26.0      %   967
  16      1.390       2.324      14.5      %   967
[1;33m[INFO][0m Saved → results_n500_d80_b090_bitset.csv

  [1mn800_d90_b090.txt[0m  (N=800  density=0.90  B=90)  [[0;36mpar_bin[0m]
  Procs   Time(s)     Speedup    Efficiency    Profit
  ──────  ────────  ───────  ──────────  ──────
  1       1346.830    1.000      100.0     %   1500
  2       830.840     1.621      81.1      %   1500
  4       582.220     2.313      57.8      %   1500
  8       559.510     2.407      30.1      %   1500
  16      371.820     3.622      22.6      %   1500
[1;33m[INFO][0m Saved → results_n800_d90_b090.csv

  [1mn800_d90_b090.txt[0m  (N=800  density=0.90  B=90)  [[0;36mpar_bin_bitset[0m]
  Procs   Time(s)     Speedup    Efficiency    Profit
  ──────  ────────  ───────  ──────────  ──────
  1       383.640     1.000      100.0     %   1500
  2       239.470     1.602      80.1      %   1500
  4       168.710     2.274      56.8      %   1500
  8       163.250     2.350      29.4      %   1500
  16      109.280     3.511      21.9      %   1500
[1;33m[INFO][0m Saved → results_n800_d90_b090_bitset.csv

  [1mn1200_d90_b090.txt[0m  (N=1200  density=0.90  B=90)  [[0;36mpar_bin[0m]
  Procs   Time(s)     Speedup    Efficiency    Profit
  ──────  ────────  ───────  ──────────  ──────
